2026-06-23 14:56:31,495 | INFO | experiment_start config={'dataset': 'cifar10', 'model_name': 'hybrid_cnn', 'optimizers': ['gwo', 'pso', 'woa', 'rao'], 'population_size': 1, 'iteration_count': 1, 'search_epochs': 1, 'final_epochs': 1, 'batch_size': 128, 'learning_rate': 0.001, 'subset_size': 16, 'random_seed': 42, 'patience': 10, 'lr_reduce_factor': 0.5, 'lr_reduce_patience': 4, 'runs': 1, 'monitor_ratio': 0.1, 'train_size': 64, 'val_size': 16, 'num_workers': 0, 'results_dir': 'results_smoke', 'data_dir': 'data', 'search_space': {'shared_conv_kernel_sizes': [3, 5, 7], 'base_filters': [16, 32, 64, 128, 256], 'dilations': [1, 2, 3], 'final_neurons': [128, 256, 512], 'se_ratios': [4, 8, 16], 'batch_sizes': [32, 64, 128], 'learning_rate_min': 0.0001, 'learning_rate_max': 0.01, 'dropout_min': 0.1, 'dropout_max': 0.7}}
2026-06-23 14:56:46,905 | INFO | experiment_start config={'dataset': 'cifar10', 'model_name': 'hybrid_cnn', 'optimizers': ['gwo', 'pso', 'woa', 'rao'], 'population_size': 1, 'iteration_count': 1, 'search_epochs': 1, 'final_epochs': 1, 'batch_size': 128, 'learning_rate': 0.001, 'subset_size': 16, 'random_seed': 42, 'patience': 10, 'lr_reduce_factor': 0.5, 'lr_reduce_patience': 4, 'runs': 1, 'monitor_ratio': 0.1, 'train_size': 45000, 'val_size': 5000, 'num_workers': 0, 'results_dir': 'results_smoke', 'data_dir': 'data', 'search_space': {'shared_conv_kernel_sizes': [3, 5, 7], 'base_filters': [16, 32, 64, 128, 256], 'dilations': [1, 2, 3], 'final_neurons': [128, 256, 512], 'se_ratios': [4, 8, 16], 'batch_sizes': [32, 64, 128], 'learning_rate_min': 0.0001, 'learning_rate_max': 0.01, 'dropout_min': 0.1, 'dropout_max': 0.7}}
2026-06-23 14:56:48,158 | INFO | run_start=1 algorithm=gwo seed=43 run_dir=results_smoke\CIFAR10\GWO\run_02
2026-06-23 14:56:50,550 | INFO | epoch=1 train_loss=2.288532 train_acc=0.125000 val_loss=2.303537 val_acc=0.104000
2026-06-23 14:56:50,556 | INFO | algorithm=gwo iteration=0 agent_id=1 val_acc=0.104000 cache_hit=False config={'shared_conv_kernel_size': 5, 'base_filters': 16, 'dilation': 1, 'final_neurons': 512, 'dropout': 0.45228582855283506, 'learning_rate': 0.00028145596704174725, 'batch_size': 128, 'se_ratio': 8}
2026-06-23 14:56:52,986 | INFO | epoch=1 train_loss=2.268365 train_acc=0.250000 val_loss=2.384466 val_acc=0.092800
2026-06-23 14:56:52,991 | INFO | algorithm=gwo iteration=1 agent_id=1 val_acc=0.092800 cache_hit=False config={'shared_conv_kernel_size': 5, 'base_filters': 16, 'dilation': 1, 'final_neurons': 256, 'dropout': 0.5167710105639283, 'learning_rate': 0.01, 'batch_size': 128, 'se_ratio': 8}
2026-06-23 14:56:59,311 | INFO | epoch=1 train_loss=2.267380 train_acc=0.144629 val_loss=2.207513 val_acc=0.197605
2026-06-23 14:57:05,704 | INFO | run_complete=1 algorithm=gwo run_dir=results_smoke\CIFAR10\GWO\run_02
2026-06-23 14:57:25,180 | INFO | experiment_start config={'dataset': 'cifar10', 'model_name': 'hybrid_cnn', 'optimizers': ['gwo', 'pso', 'woa', 'rao'], 'population_size': 1, 'iteration_count': 1, 'search_epochs': 1, 'final_epochs': 1, 'batch_size': 128, 'learning_rate': 0.001, 'subset_size': 16, 'random_seed': 42, 'patience': 10, 'lr_reduce_factor': 0.5, 'lr_reduce_patience': 4, 'runs': 1, 'monitor_ratio': 0.1, 'train_size': 45000, 'val_size': 5000, 'num_workers': 0, 'results_dir': 'results_smoke', 'data_dir': 'data', 'search_space': {'shared_conv_kernel_sizes': [3, 5, 7], 'base_filters': [16, 32, 64, 128, 256], 'dilations': [1, 2, 3], 'final_neurons': [128, 256, 512], 'se_ratios': [4, 8, 16], 'batch_sizes': [32, 64, 128], 'learning_rate_min': 0.0001, 'learning_rate_max': 0.01, 'dropout_min': 0.1, 'dropout_max': 0.7}}
2026-06-23 14:57:26,415 | INFO | run_start=1 algorithm=gwo seed=44 run_dir=results_smoke\CIFAR10\GWO\run_03
2026-06-23 14:57:31,027 | INFO | epoch=1 train_loss=2.309310 train_acc=0.187500 val_loss=2.312739 val_acc=0.101800
2026-06-23 14:57:31,031 | INFO | algorithm=gwo iteration=0 agent_id=1 val_acc=0.101800 cache_hit=False config={'shared_conv_kernel_size': 3, 'base_filters': 32, 'dilation': 2, 'final_neurons': 512, 'dropout': 0.1973902748713401, 'learning_rate': 0.005183073256512259, 'batch_size': 32, 'se_ratio': 8}
2026-06-23 14:57:34,773 | INFO | epoch=1 train_loss=2.311774 train_acc=0.187500 val_loss=2.303086 val_acc=0.093800
2026-06-23 14:57:34,777 | INFO | algorithm=gwo iteration=1 agent_id=1 val_acc=0.093800 cache_hit=False config={'shared_conv_kernel_size': 3, 'base_filters': 32, 'dilation': 1, 'final_neurons': 512, 'dropout': 0.1038254703426242, 'learning_rate': 0.00010102241536875921, 'batch_size': 32, 'se_ratio': 8}
2026-06-23 14:57:50,743 | INFO | epoch=1 train_loss=1.976367 train_acc=0.243189 val_loss=1.852656 val_acc=0.269461
2026-06-23 14:58:02,430 | INFO | run_complete=1 algorithm=gwo run_dir=results_smoke\CIFAR10\GWO\run_03
2026-06-23 14:58:03,704 | INFO | run_start=1 algorithm=pso seed=42 run_dir=results_smoke\CIFAR10\PSO\run_01
2026-06-23 14:58:41,782 | INFO | epoch=1 train_loss=2.302195 train_acc=0.000000 val_loss=101.635814 val_acc=0.100800
2026-06-23 14:58:41,787 | INFO | algorithm=pso iteration=0 agent_id=1 val_acc=0.100800 cache_hit=False config={'shared_conv_kernel_size': 7, 'base_filters': 64, 'dilation': 3, 'final_neurons': 256, 'dropout': 0.15650640873258972, 'learning_rate': 0.008938089586343595, 'batch_size': 128, 'se_ratio': 16}
2026-06-23 14:58:41,790 | INFO | algorithm=pso iteration=1 agent_id=1 val_acc=0.100800 cache_hit=True config={'shared_conv_kernel_size': 7, 'base_filters': 64, 'dilation': 3, 'final_neurons': 256, 'dropout': 0.15650640873258972, 'learning_rate': 0.008938089586343595, 'batch_size': 128, 'se_ratio': 16}
2026-06-23 15:01:00,577 | INFO | epoch=1 train_loss=2.056657 train_acc=0.222813 val_loss=2.083086 val_acc=0.221557
2026-06-23 15:02:18,369 | INFO | run_complete=1 algorithm=pso run_dir=results_smoke\CIFAR10\PSO\run_01
2026-06-23 15:02:19,644 | INFO | run_start=1 algorithm=woa seed=42 run_dir=results_smoke\CIFAR10\WOA\run_01
2026-06-23 15:03:00,266 | INFO | epoch=1 train_loss=2.302195 train_acc=0.000000 val_loss=101.635814 val_acc=0.100800
2026-06-23 15:03:00,271 | INFO | algorithm=woa iteration=0 agent_id=1 val_acc=0.100800 cache_hit=False config={'shared_conv_kernel_size': 7, 'base_filters': 64, 'dilation': 3, 'final_neurons': 256, 'dropout': 0.15650640873258972, 'learning_rate': 0.008938089586343595, 'batch_size': 128, 'se_ratio': 16}
2026-06-23 15:03:00,272 | INFO | algorithm=woa iteration=1 agent_id=1 val_acc=0.100800 cache_hit=True config={'shared_conv_kernel_size': 7, 'base_filters': 64, 'dilation': 3, 'final_neurons': 256, 'dropout': 0.15650640873258972, 'learning_rate': 0.008938089586343595, 'batch_size': 128, 'se_ratio': 16}
2026-06-23 15:05:17,491 | INFO | epoch=1 train_loss=2.056657 train_acc=0.222813 val_loss=2.083086 val_acc=0.221557
2026-06-23 15:06:33,969 | INFO | run_complete=1 algorithm=woa run_dir=results_smoke\CIFAR10\WOA\run_01
2026-06-23 15:06:35,297 | INFO | run_start=1 algorithm=rao seed=42 run_dir=results_smoke\CIFAR10\RAO\run_01
2026-06-23 15:07:12,784 | INFO | epoch=1 train_loss=2.302195 train_acc=0.000000 val_loss=101.635814 val_acc=0.100800
2026-06-23 15:07:12,790 | INFO | algorithm=rao iteration=0 agent_id=1 val_acc=0.100800 cache_hit=False config={'shared_conv_kernel_size': 7, 'base_filters': 64, 'dilation': 3, 'final_neurons': 256, 'dropout': 0.15650640873258972, 'learning_rate': 0.008938089586343595, 'batch_size': 128, 'se_ratio': 16}
2026-06-23 15:07:48,684 | INFO | epoch=1 train_loss=2.292366 train_acc=0.125000 val_loss=2.303437 val_acc=0.104400
2026-06-23 15:07:48,688 | INFO | algorithm=rao iteration=1 agent_id=1 val_acc=0.104400 cache_hit=False config={'shared_conv_kernel_size': 7, 'base_filters': 64, 'dilation': 3, 'final_neurons': 256, 'dropout': 0.15650640873258972, 'learning_rate': 0.00010780631144868549, 'batch_size': 128, 'se_ratio': 16}
2026-06-23 15:10:05,314 | INFO | epoch=1 train_loss=2.193928 train_acc=0.241417 val_loss=2.105613 val_acc=0.279441
2026-06-23 15:11:25,656 | INFO | run_complete=1 algorithm=rao run_dir=results_smoke\CIFAR10\RAO\run_01
2026-06-23 15:11:32,797 | INFO | experiment_complete total_time=840.50
